#
# A fatal error has been detected by the Java Runtime Environment:
#
#  EXCEPTION_ACCESS_VIOLATION (0xc0000005) at pc=0x59da741b, pid=5596, tid=4788
#
# JRE version: 7.0-b127
# Java VM: Java HotSpot(TM) Client VM (20.0-b06 mixed mode windows-x86 )
# Problematic frame:
# V  [jvm.dll+0xb741b]
#
# If you would like to submit a bug report, please visit:
#   http://java.sun.com/webapps/bugreport/crash.jsp
#

---------------  T H R E A D  ---------------

Current thread (0x17cb7400):  JavaThread "JDWP Transport Listener: dt_socket" daemon [_thread_in_vm, id=4788, stack(0x00b90000,0x00be0000)]

siginfo: ExceptionCode=0xc0000005, reading address 0x00000067

Registers:
EAX=0x00000067, EBX=0x00000000, ECX=0x00000067, EDX=0x00000000
ESP=0x00bdf508, EBP=0x00bdf50c, ESI=0x17cb7400, EDI=0x00a91228
EIP=0x59da741b, EFLAGS=0x00010202

Top of Stack: (sp=0x00bdf508)
0x00bdf508:   17cb7400 00bdf538 59eb48ea 00000067
0x00bdf518:   00bdf5f0 00bdf573 17cb7400 00000000
0x00bdf528:   00000000 00000000 17cb7400 17cb7400
0x00bdf538:   00bdf574 561e9bdd 00a91228 00000067
0x00bdf548:   00bdf573 00000067 561d436d 00000067
0x00bdf558:   00bdf573 00000007 00000000 00000000
0x00bdf568:   00000001 00000000 00cd2aac 00bdf594
0x00bdf578:   561d44e0 00000001 00bdf5b0 00bdf5ec 

Instructions: (pc=0x59da741b)
0x59da73fb:   0c 5f 5e 5d c2 0c 00 cc cc cc cc cc cc cc cc cc
0x59da740b:   cc cc cc cc cc 55 8b ec 8b 45 08 56 85 c0 74 28
0x59da741b:   8b 30 85 f6 74 22 81 fe fe fe fe fe 74 1a 8b 4e
0x59da742b:   04 8b 41 08 8b 90 90 00 00 00 83 c1 08 ff d2 84 


Register to memory mapping:

EAX=0x00000067 is an unknown value
EBX=0x00000000 is an unknown value
ECX=0x00000067 is an unknown value
EDX=0x00000000 is an unknown value
ESP=0x00bdf508 is pointing into the stack for thread: 0x17cb7400
EBP=0x00bdf50c is pointing into the stack for thread: 0x17cb7400
ESI=0x17cb7400 is a thread
EDI=0x00a91228 is an unknown value


Stack: [0x00b90000,0x00be0000],  sp=0x00bdf508,  free space=317k
Native frames: (J=compiled Java code, j=interpreted, Vv=VM code, C=native code)
V  [jvm.dll+0xb741b]
V  [jvm.dll+0x1c48ea]
C  [jdwp.dll+0x19bdd]  Agent_OnLoad+0xe8e9
C  [jdwp.dll+0x44e0]
C  [jdwp.dll+0x451e]


---------------  P R O C E S S  ---------------

Java Threads: ( => current thread )
  0x17e6b400 JavaThread "MySQL Statement Cancellation Timer" daemon [_thread_blocked, id=6036, stack(0x18990000,0x189e0000)]
  0x17cdc400 JavaThread "Low Memory Detector" daemon [_thread_blocked, id=5720, stack(0x18190000,0x181e0000)]
  0x17cce800 JavaThread "C1 CompilerThread0" daemon [_thread_blocked, id=1548, stack(0x00560000,0x005b0000)]
  0x17cbb400 JavaThread "JDWP Command Reader" daemon [_thread_in_native, id=2744, stack(0x00f30000,0x00f80000)]
  0x17cb8c00 JavaThread "JDWP Event Helper Thread" daemon [_thread_blocked, id=2292, stack(0x18320000,0x18370000)]
=>0x17cb7400 JavaThread "JDWP Transport Listener: dt_socket" daemon [_thread_in_vm, id=4788, stack(0x00b90000,0x00be0000)]
  0x00b7bc00 JavaThread "Attach Listener" daemon [_thread_blocked, id=4168, stack(0x00c40000,0x00c90000)]
  0x00b78800 JavaThread "Signal Dispatcher" daemon [_thread_blocked, id=4524, stack(0x00be0000,0x00c30000)]
  0x00b4ac00 JavaThread "Finalizer" daemon [_thread_blocked, id=3580, stack(0x00e70000,0x00ec0000)]
  0x00b46000 JavaThread "Reference Handler" daemon [_thread_blocked, id=4292, stack(0x00d90000,0x00de0000)]
  0x00a7a400 JavaThread "main" [_thread_blocked, id=3892, stack(0x00940000,0x00990000)]

Other Threads:
  0x00b43000 VMThread [stack: 0x00ce0000,0x00d30000] [id=5380]
  0x17cf6400 WatcherThread [stack: 0x18370000,0x183c0000] [id=3152]

VM state:not at safepoint (normal execution)

VM Mutex/Monitor currently owned by a thread: None

Heap
 def new generation   total 4928K, used 3598K [0x03cb0000, 0x04200000, 0x09200000)
  eden space 4416K,  69% used [0x03cb0000, 0x03fb3940, 0x04100000)
  from space 512K,  99% used [0x04100000, 0x0417fff8, 0x04180000)
  to   space 512K,   0% used [0x04180000, 0x04180000, 0x04200000)
 tenured generation   total 10944K, used 4579K [0x09200000, 0x09cb0000, 0x13cb0000)
   the space 10944K,  41% used [0x09200000, 0x09678fd0, 0x09679000, 0x09cb0000)
 compacting perm gen  total 12288K, used 9841K [0x13cb0000, 0x148b0000, 0x17cb0000)
   the space 12288K,  80% used [0x13cb0000, 0x1464c7c8, 0x1464c800, 0x148b0000)
No shared spaces configured.

Code Cache  [0x01cb0000, 0x01dc0000, 0x03cb0000)
 total_blobs=496 nmethods=341 adapters=99 free_code_cache=32458752 largest_free_block=192

Dynamic libraries:
0x01080000 - 0x010af000 	C:\Program Files\Java\jdk1.7.0\bin\javaw.exe
0x777c0000 - 0x778fc000 	C:\Windows\SYSTEM32\ntdll.dll
0x75ff0000 - 0x760c4000 	C:\Windows\system32\kernel32.dll
0x75b90000 - 0x75bda000 	C:\Windows\system32\KERNELBASE.dll
0x77930000 - 0x779d0000 	C:\Windows\system32\ADVAPI32.dll
0x772a0000 - 0x7734c000 	C:\Windows\system32\msvcrt.dll
0x762a0000 - 0x762b9000 	C:\Windows\SYSTEM32\sechost.dll
0x75f40000 - 0x75fe1000 	C:\Windows\system32\RPCRT4.dll
0x76fe0000 - 0x770a9000 	C:\Windows\system32\USER32.dll
0x76250000 - 0x7629e000 	C:\Windows\system32\GDI32.dll
0x76130000 - 0x7613a000 	C:\Windows\system32\LPK.dll
0x75e40000 - 0x75edd000 	C:\Windows\system32\USP10.dll
0x75b00000 - 0x75b84000 	C:\Windows\WinSxS\x86_microsoft.windows.common-controls_6595b64144ccf1df_5.82.7600.16385_none_ebf82fc36c758ad5\COMCTL32.dll
0x779d0000 - 0x779ef000 	C:\Windows\system32\IMM32.DLL
0x76f10000 - 0x76fdc000 	C:\Windows\system32\MSCTF.dll
0x5a3d0000 - 0x5a48e000 	C:\Program Files\Java\jdk1.7.0\jre\bin\msvcr100.dll
0x59cf0000 - 0x59ff8000 	C:\Program Files\Java\jdk1.7.0\jre\bin\client\jvm.dll
0x73980000 - 0x739b2000 	C:\Windows\system32\WINMM.dll
0x71f80000 - 0x71f8c000 	C:\Program Files\Java\jdk1.7.0\jre\bin\verify.dll
0x6d1e0000 - 0x6d200000 	C:\Program Files\Java\jdk1.7.0\jre\bin\java.dll
0x75ee0000 - 0x75ee5000 	C:\Windows\system32\PSAPI.DLL
0x561d0000 - 0x561fa000 	C:\Program Files\Java\jdk1.7.0\jre\bin\jdwp.dll
0x74660000 - 0x74667000 	C:\Program Files\Java\jdk1.7.0\jre\bin\npt.dll
0x6b250000 - 0x6b263000 	C:\Program Files\Java\jdk1.7.0\jre\bin\zip.dll
0x72e70000 - 0x72e78000 	C:\Program Files\Java\jdk1.7.0\jre\bin\dt_socket.dll
0x770b0000 - 0x770e5000 	C:\Windows\system32\WS2_32.dll
0x77290000 - 0x77296000 	C:\Windows\system32\NSI.dll
0x72c90000 - 0x72ca0000 	C:\Windows\system32\NLAapi.dll
0x75350000 - 0x7538c000 	C:\Windows\System32\mswsock.dll
0x75210000 - 0x75254000 	C:\Windows\system32\DNSAPI.dll
0x71360000 - 0x71368000 	C:\Windows\System32\winrnr.dll
0x71350000 - 0x71360000 	C:\Windows\system32\napinsp.dll
0x71330000 - 0x71342000 	C:\Windows\system32\pnrpnsp.dll
0x72fe0000 - 0x72ffc000 	C:\Windows\system32\IPHLPAPI.DLL
0x736a0000 - 0x736a7000 	C:\Windows\system32\WINNSI.DLL
0x728e0000 - 0x72918000 	C:\Windows\System32\fwpuclnt.dll
0x71320000 - 0x71326000 	C:\Windows\system32\rasadhlp.dll
0x74ea0000 - 0x74ea5000 	C:\Windows\System32\wshtcpip.dll
0x6add0000 - 0x6ade6000 	C:\Program Files\Java\jdk1.7.0\jre\bin\net.dll
0x75340000 - 0x75346000 	C:\Windows\System32\wship6.dll
0x6d1d0000 - 0x6d1df000 	C:\Program Files\Java\jdk1.7.0\jre\bin\nio.dll

VM Arguments:
jvm_args: -agentlib:jdwp=transport=dt_socket,suspend=y,address=localhost:51297 -Dfile.encoding=Cp1252 -Xbootclasspath:C:\Program Files\Java\jdk1.7.0\jre\lib\resources.jar;C:\Program Files\Java\jdk1.7.0\jre\lib\rt.jar;C:\Program Files\Java\jdk1.7.0\jre\lib\jsse.jar;C:\Program Files\Java\jdk1.7.0\jre\lib\jce.jar;C:\Program Files\Java\jdk1.7.0\jre\lib\charsets.jar 
java_command: com.javatpoint.mypackage.CritearaSqlQuery
Launcher Type: SUN_STANDARD

Environment Variables:
PATH=C:\Program Files\Java\jdk1.7.0\jre\bin;C:/Program Files/Java/jre7/bin/client;C:/Program Files/Java/jre7/bin;C:/Program Files/Java/jre7/lib/i386;C:\oraclexe\app\oracle\product\10.2.0\server\bin;C:\Windows\system32;C:\Windows;C:\Windows\System32\Wbem;C:\Windows\System32\WindowsPowerShell\v1.0\;;C:\Program Files\Java\jdk1.7.0\bin;D:\Kepler;
USERNAME=UMA SHANKAR
OS=Windows_NT
PROCESSOR_IDENTIFIER=x86 Family 6 Model 15 Stepping 13, GenuineIntel



---------------  S Y S T E M  ---------------

OS: Windows 7 Build 7600 

CPU:total 2 (2 cores per cpu, 1 threads per core) family 6 model 15 stepping 13, cmov, cx8, fxsr, mmx, sse, sse2, sse3, ssse3

Memory: 4k page, physical 2028792k(231328k free), swap 4435528k(710704k free)

vm_info: Java HotSpot(TM) Client VM (20.0-b06) for windows-x86 JRE (1.7.0-ea-b127), built on Jan 27 2011 08:30:40 by "java_re" with unknown MS VC++:1600

time: Wed Apr 22 16:19:14 2015
elapsed time: 820 seconds

